Build started 7/28/2020 7:44:23 PM.
Logging verbosity is set to: Normal.     1>Project "F:\_git\LOG645-E2020\l4\Labo4CUDA\Labo4CUDA.vcxproj" on node 2 (Build target(s)).
     1>PrepareForBuild:
         Creating directory "x64\Release\Labo4CUDA.tlog\".
       InitializeBuildStatus:
         Creating "x64\Release\Labo4CUDA.tlog\unsuccessfulbuild" because "AlwaysCreate" was specified.
       AddCudaCompileDeps:
         C:\Program Files (x86)\Microsoft Visual Studio\2019\Enterprise\VC\Tools\MSVC\14.26.28801\bin\HostX86\x64\cl.exe /E /nologo /showIncludes /TP /D__CUDACC__ /DWIN32 /DWIN64 /DNDEBUG /D_CONSOLE /D_MBCS /I"C:\Program Files\NVIDIA GPU Computing Toolkit\CUDA\v11.0\include" /I"C:\Program Files\NVIDIA GPU Computing Toolkit\CUDA\v11.0\bin" /I"C:\Program Files\NVIDIA GPU Computing Toolkit\CUDA\v11.0\include" /I. /FIcuda_runtime.h /c F:\_git\LOG645-E2020\l4\Labo4CUDA\src\solver\parallel.cu 
     1>Project "F:\_git\LOG645-E2020\l4\Labo4CUDA\Labo4CUDA.vcxproj" (1) is building "F:\_git\LOG645-E2020\l4\Labo4CUDA\Labo4CUDA.vcxproj" (1:2) on node 2 (CudaBuildCore target(s)).
     1>CudaBuildCore:
         Compiling CUDA source file src\solver\parallel.cu...
         cmd.exe /C "C:\Users\Poutine2020M\AppData\Local\Temp\tmpc737d066ceee43a7824b461f63e90679.cmd"
         "C:\Program Files\NVIDIA GPU Computing Toolkit\CUDA\v11.0\bin\nvcc.exe" -gencode=arch=compute_52,code=\"sm_52,compute_52\" --use-local-env -ccbin "C:\Program Files (x86)\Microsoft Visual Studio\2019\Enterprise\VC\Tools\MSVC\14.26.28801\bin\HostX86\x64" -x cu   -I"C:\Program Files\NVIDIA GPU Computing Toolkit\CUDA\v11.0\include" -I"C:\Program Files\NVIDIA GPU Computing Toolkit\CUDA\v11.0\include"     --keep-dir x64\Release -maxrregcount=0  --machine 64 --compile -cudart static     -DWIN32 -DWIN64 -DNDEBUG -D_CONSOLE -D_MBCS -Xcompiler "/EHsc /W3 /nologo /O2 /Fdx64\Release\vc142.pdb /FS /Zi  /MD " -o x64\Release\parallel.cu.obj "F:\_git\LOG645-E2020\l4\Labo4CUDA\src\solver\parallel.cu"
         
         F:\_git\LOG645-E2020\l4\Labo4CUDA>"C:\Program Files\NVIDIA GPU Computing Toolkit\CUDA\v11.0\bin\nvcc.exe" -gencode=arch=compute_52,code=\"sm_52,compute_52\" --use-local-env -ccbin "C:\Program Files (x86)\Microsoft Visual Studio\2019\Enterprise\VC\Tools\MSVC\14.26.28801\bin\HostX86\x64" -x cu   -I"C:\Program Files\NVIDIA GPU Computing Toolkit\CUDA\v11.0\include" -I"C:\Program Files\NVIDIA GPU Computing Toolkit\CUDA\v11.0\include"     --keep-dir x64\Release -maxrregcount=0  --machine 64 --compile -cudart static     -DWIN32 -DWIN64 -DNDEBUG -D_CONSOLE -D_MBCS -Xcompiler "/EHsc /W3 /nologo /O2 /Fdx64\Release\vc142.pdb /FS /Zi  /MD " -o x64\Release\parallel.cu.obj "F:\_git\LOG645-E2020\l4\Labo4CUDA\src\solver\parallel.cu" 
         parallel.cu
     1>Done Building Project "F:\_git\LOG645-E2020\l4\Labo4CUDA\Labo4CUDA.vcxproj" (CudaBuildCore target(s)).
     1>ClCompile:
         C:\Program Files (x86)\Microsoft Visual Studio\2019\Enterprise\VC\Tools\MSVC\14.26.28801\bin\HostX86\x64\CL.exe /c /I"C:\Program Files\NVIDIA GPU Computing Toolkit\CUDA\v11.0\include" /Zi /nologo /W3 /WX- /diagnostics:column /O2 /Oi /GL /D WIN32 /D WIN64 /D NDEBUG /D _CONSOLE /D _MBCS /Gm- /EHsc /MD /GS /Gy /fp:precise /Zc:wchar_t /Zc:forScope /Zc:inline /Fo"x64\Release\\" /Fd"x64\Release\vc142.pdb" /Gd /TP /FC /errorReport:prompt src\main.cpp src\matrix\matrix.cpp src\output\output.cpp src\solver\sequential.cpp
         main.cpp
     1>F:\_git\LOG645-E2020\l4\Labo4CUDA\src\main.cpp(109,72): warning C4244: 'return': conversion from '_Rep' to 'long', possible loss of data
                 with
                 [
                     _Rep=__int64
                 ]
     1>F:\_git\LOG645-E2020\l4\Labo4CUDA\src\main.cpp(119,72): warning C4244: 'return': conversion from '_Rep' to 'long', possible loss of data
                 with
                 [
                     _Rep=__int64
                 ]
         matrix.cpp
         output.cpp
         sequential.cpp
       Link:
         C:\Program Files (x86)\Microsoft Visual Studio\2019\Enterprise\VC\Tools\MSVC\14.26.28801\bin\HostX86\x64\link.exe /ERRORREPORT:PROMPT /OUT:"F:\_git\LOG645-E2020\l4\Labo4CUDA\x64\Release\Labo4CUDA.exe" /NOLOGO /LIBPATH:"C:\Program Files\NVIDIA GPU Computing Toolkit\CUDA\v11.0\lib\x64" cudart_static.lib kernel32.lib user32.lib gdi32.lib winspool.lib comdlg32.lib advapi32.lib shell32.lib ole32.lib oleaut32.lib uuid.lib odbc32.lib odbccp32.lib kernel32.lib user32.lib gdi32.lib winspool.lib comdlg32.lib advapi32.lib shell32.lib ole32.lib oleaut32.lib uuid.lib odbc32.lib odbccp32.lib cudart.lib cudadevrt.lib /MANIFEST /MANIFESTUAC:"level='asInvoker' uiAccess='false'" /manifest:embed /DEBUG /PDB:"F:\_git\LOG645-E2020\l4\Labo4CUDA\x64\Release\Labo4CUDA.pdb" /SUBSYSTEM:CONSOLE /OPT:REF /OPT:ICF /LTCG:incremental /TLBID:1 /DYNAMICBASE /NXCOMPAT /IMPLIB:"F:\_git\LOG645-E2020\l4\Labo4CUDA\x64\Release\Labo4CUDA.lib" /MACHINE:X64 x64\Release\parallel.cu.obj
         x64\Release\main.obj
         x64\Release\matrix.obj
         x64\Release\output.obj
         x64\Release\sequential.obj
            Creating library F:\_git\LOG645-E2020\l4\Labo4CUDA\x64\Release\Labo4CUDA.lib and object F:\_git\LOG645-E2020\l4\Labo4CUDA\x64\Release\Labo4CUDA.exp
         Generating code
         Previous IPDB not found, fall back to full compilation.
         All 104 functions were compiled because no usable IPDB/IOBJ from previous compilation was found.
         Finished generating code
         Labo4CUDA.vcxproj -> F:\_git\LOG645-E2020\l4\Labo4CUDA\x64\Release\Labo4CUDA.exe
       FinalizeBuildStatus:
         Deleting file "x64\Release\Labo4CUDA.tlog\unsuccessfulbuild".
         Touching "x64\Release\Labo4CUDA.tlog\Labo4CUDA.lastbuildstate".
     1>Done Building Project "F:\_git\LOG645-E2020\l4\Labo4CUDA\Labo4CUDA.vcxproj" (Build target(s)).

Build succeeded.

       "F:\_git\LOG645-E2020\l4\Labo4CUDA\Labo4CUDA.vcxproj" (Build target) (1) ->
       (ClCompile target) -> 
         F:\_git\LOG645-E2020\l4\Labo4CUDA\src\main.cpp(109,72): warning C4244: 'return': conversion from '_Rep' to 'long', possible loss of data
         F:\_git\LOG645-E2020\l4\Labo4CUDA\src\main.cpp(119,72): warning C4244: 'return': conversion from '_Rep' to 'long', possible loss of data

    2 Warning(s)
    0 Error(s)

Time Elapsed 00:00:03.63
